"../../../Engine/Content/Functions/Engine_MaterialFunctions01/Shading/PowerToRoughness.uasset" 0
"../../../Engine/Content/Functions/Engine_MaterialFunctions01/Shading/PowerToRoughness.uexp" 1
"../../../Engine/Content/Functions/Engine_MaterialFunctions01/Shading/ConvertFromDiffSpec.uasset" 2
"../../../Engine/Content/Functions/Engine_MaterialFunctions01/Shading/ConvertFromDiffSpec.uexp" 3
"../../../Engine/Content/EngineSounds/Master.uasset" 4
"../../../Engine/Content/EngineSounds/Master.uexp" 5
"../../../Engine/Content/EngineSky/VolumetricClouds/CloudWeatherTexture.uasset" 6
"../../../Engine/Content/EngineSky/VolumetricClouds/CloudWeatherTexture.uexp" 7
"../../../Engine/Content/Functions/Engine_MaterialFunctions02/Utility/MakeFloat2.uasset" 8
"../../../Engine/Content/Functions/Engine_MaterialFunctions02/Utility/MakeFloat2.uexp" 9
"../../../Engine/Content/EngineSky/VolumetricClouds/CloudGradientTexture.uasset" 10
"../../../Engine/Content/EngineSky/VolumetricClouds/CloudGradientTexture.uexp" 11
"../../../Engine/Content/EngineSky/VolumetricClouds/T_NoiseShape64.ubulk" 12
"../../../Engine/Content/EngineSky/VolumetricClouds/T_NoiseShape64.uasset" 13
"../../../Engine/Content/EngineSky/VolumetricClouds/T_NoiseShape64.uexp" 14
"../../../Engine/Content/EngineSky/VolumetricClouds/T_VolumeNoiseShape64.uasset" 15
"../../../Engine/Content/EngineSky/VolumetricClouds/T_VolumeNoiseShape64.uexp" 16
"../../../Engine/Content/EngineSky/VolumetricClouds/T_NoiseErosion.ubulk" 17
"../../../Engine/Content/EngineSky/VolumetricClouds/T_NoiseErosion.uasset" 18
"../../../Engine/Content/EngineSky/VolumetricClouds/T_NoiseErosion.uexp" 19
"../../../Engine/Content/EngineSky/VolumetricClouds/T_VolumeNoiseErosion32.uasset" 20
"../../../Engine/Content/EngineSky/VolumetricClouds/T_VolumeNoiseErosion32.uexp" 21
"../../../Engine/Content/EngineSky/VolumetricClouds/m_SimpleVolumetricCloud.uasset" 22
"../../../Engine/Content/EngineSky/VolumetricClouds/m_SimpleVolumetricCloud.uexp" 23
"../../../Engine/Content/EngineSky/VolumetricClouds/m_SimpleVolumetricCloud_Inst.uasset" 24
"../../../Engine/Content/EngineSky/VolumetricClouds/m_SimpleVolumetricCloud_Inst.uexp" 25
"../../../Engine/Content/EngineResources/GradientTexture0.uasset" 26
"../../../Engine/Content/EngineResources/GradientTexture0.uexp" 27
"../../../Engine/Content/EngineResources/DefaultVolumeTexture2D.uasset" 28
"../../../Engine/Content/EngineResources/DefaultVolumeTexture2D.uexp" 29
"../../../Engine/Content/EngineResources/DefaultVolumeTexture.uasset" 30
"../../../Engine/Content/EngineResources/DefaultVolumeTexture.uexp" 31
"../../../Engine/Content/EngineResources/DefaultTextureCube.uasset" 32
"../../../Engine/Content/EngineResources/DefaultTextureCube.uexp" 33
"../../../Engine/Content/EngineResources/DefaultTexture.ubulk" 34
"../../../Engine/Content/EngineResources/DefaultTexture.uasset" 35
"../../../Engine/Content/EngineResources/DefaultTexture.uexp" 36
"../../../Engine/Content/EngineResources/Black.uasset" 37
"../../../Engine/Content/EngineResources/Black.uexp" 38
"../../../Engine/Content/EngineResources/FilmGrains/Marcie_Grain_v3_128_M2_000.uasset" 39
"../../../Engine/Content/EngineResources/FilmGrains/Marcie_Grain_v3_128_M2_000.uexp" 40
"../../../Engine/Content/EngineMeshes/Sphere.ubulk" 41
"../../../Engine/Content/EngineMeshes/Sphere.uasset" 42
"../../../Engine/Content/EngineMeshes/Sphere.uexp" 43
"../../../Engine/Content/EngineResources/WhiteSquareTexture.uasset" 44
"../../../Engine/Content/EngineResources/WhiteSquareTexture.uexp" 45
"../../../Engine/Content/EngineMaterials/Widget3DPassThrough.uasset" 46
"../../../Engine/Content/EngineMaterials/Widget3DPassThrough.uexp" 47
"../../../Engine/Content/EngineMaterials/Widget3DPassThrough_Translucent.uasset" 48
"../../../Engine/Content/EngineMaterials/Widget3DPassThrough_Translucent.uexp" 49
"../../../Engine/Content/EngineMaterials/Widget3DPassThrough_Translucent_OneSided.uasset" 50
"../../../Engine/Content/EngineMaterials/Widget3DPassThrough_Translucent_OneSided.uexp" 51
"../../../Engine/Content/EngineMaterials/Widget3DPassThrough_Opaque.uasset" 52
"../../../Engine/Content/EngineMaterials/Widget3DPassThrough_Opaque.uexp" 53
"../../../Engine/Content/EngineMaterials/Widget3DPassThrough_Opaque_OneSided.uasset" 54
"../../../Engine/Content/EngineMaterials/Widget3DPassThrough_Opaque_OneSided.uexp" 55
"../../../Engine/Content/EngineMaterials/Widget3DPassThrough_Masked_OneSided.uasset" 56
"../../../Engine/Content/EngineMaterials/Widget3DPassThrough_Masked_OneSided.uexp" 57
"../../../Engine/Content/EngineMaterials/Widget3DPassThrough_Masked.uasset" 58
"../../../Engine/Content/EngineMaterials/Widget3DPassThrough_Masked.uexp" 59
"../../../Engine/Content/EngineMaterials/WeightMapPlaceholderTexture.uasset" 60
"../../../Engine/Content/EngineMaterials/WeightMapPlaceholderTexture.uexp" 61
"../../../Engine/Content/EngineMaterials/RemoveSurfaceMaterial.uasset" 62
"../../../Engine/Content/EngineMaterials/RemoveSurfaceMaterial.uexp" 63
"../../../Engine/Content/EngineMaterials/PreintegratedSkinBRDF.uasset" 64
"../../../Engine/Content/EngineMaterials/PreintegratedSkinBRDF.uexp" 65
"../../../Engine/Content/EngineMaterials/DefaultCalibrationGrayscale.uasset" 66
"../../../Engine/Content/EngineMaterials/DefaultCalibrationGrayscale.uexp" 67
"../../../Engine/Content/EngineMaterials/PPM_DefaultCalibrationGrayscale.uasset" 68
"../../../Engine/Content/EngineMaterials/PPM_DefaultCalibrationGrayscale.uexp" 69
"../../../Engine/Content/EngineMaterials/DefaultCalibrationColor.uasset" 70
"../../../Engine/Content/EngineMaterials/DefaultCalibrationColor.uexp" 71
"../../../Engine/Content/EngineMaterials/PPM_DefaultCalibrationColor.uasset" 72
"../../../Engine/Content/EngineMaterials/PPM_DefaultCalibrationColor.uexp" 73
"../../../Engine/Content/Functions/Engine_MaterialFunctions02/WorldPositionOffset/CameraOffset.uasset" 74
"../../../Engine/Content/Functions/Engine_MaterialFunctions02/WorldPositionOffset/CameraOffset.uexp" 75
"../../../Engine/Content/EngineMaterials/PhAT_JointLimitMaterial.uasset" 76
"../../../Engine/Content/EngineMaterials/PhAT_JointLimitMaterial.uexp" 77
"../../../Engine/Content/EngineMaterials/InvalidLightmapSettings.ubulk" 78
"../../../Engine/Content/EngineMaterials/InvalidLightmapSettings.uasset" 79
"../../../Engine/Content/EngineMaterials/InvalidLightmapSettings.uexp" 80
"../../../Engine/Content/EngineMaterials/M_InvalidLightmapSettings.uasset" 81
"../../../Engine/Content/EngineMaterials/M_InvalidLightmapSettings.uexp" 82
"../../../Engine/Content/EngineMaterials/MiniFont.uasset" 83
"../../../Engine/Content/EngineMaterials/MiniFont.uexp" 84
"../../../Engine/Content/EngineMaterials/Good64x64TilingNoiseHighFreq.uasset" 85
"../../../Engine/Content/EngineMaterials/Good64x64TilingNoiseHighFreq.uexp" 86
"../../../Engine/Content/EngineMaterials/GizmoMaterial.uasset" 87
"../../../Engine/Content/EngineMaterials/GizmoMaterial.uexp" 88
"../../../Engine/Content/EngineMaterials/BaseFlattenEmissiveMap_VT.uasset" 89
"../../../Engine/Content/EngineMaterials/BaseFlattenEmissiveMap_VT.uexp" 90
"../../../Engine/Content/EngineMaterials/BaseFlattenGrayscaleMap_VT.uasset" 91
"../../../Engine/Content/EngineMaterials/BaseFlattenGrayscaleMap_VT.uexp" 92
"../../../Engine/Content/EngineMaterials/BaseFlattenLinearColor_VT.uasset" 93
"../../../Engine/Content/EngineMaterials/BaseFlattenLinearColor_VT.uexp" 94
"../../../Engine/Content/EngineMaterials/Black_1x1_EXR_Texture_VT.uasset" 95
"../../../Engine/Content/EngineMaterials/Black_1x1_EXR_Texture_VT.uexp" 96
"../../../Engine/Content/EngineMaterials/BaseFlattenDiffuseMap_VT.uasset" 97
"../../../Engine/Content/EngineMaterials/BaseFlattenDiffuseMap_VT.uexp" 98
"../../../Engine/Content/EngineMaterials/BaseFlattenNormalMap_VT.uasset" 99
"../../../Engine/Content/EngineMaterials/BaseFlattenNormalMap_VT.uexp" 100
"../../../Engine/Content/EngineMaterials/FlattenMaterial_WS_Normal_VT.uasset" 101
"../../../Engine/Content/EngineMaterials/FlattenMaterial_WS_Normal_VT.uexp" 102
"../../../Engine/Content/EngineMaterials/FlattenMaterial_VT.uasset" 103
"../../../Engine/Content/EngineMaterials/FlattenMaterial_VT.uexp" 104
"../../../Engine/Content/EngineMaterials/BaseFlattenNormalMap.uasset" 105
"../../../Engine/Content/EngineMaterials/BaseFlattenNormalMap.uexp" 106
"../../../Engine/Content/EngineMaterials/BaseFlattenGrayscaleMap.uasset" 107
"../../../Engine/Content/EngineMaterials/BaseFlattenGrayscaleMap.uexp" 108
"../../../Engine/Content/EngineMaterials/BaseFlattenDiffuseMap.uasset" 109
"../../../Engine/Content/EngineMaterials/BaseFlattenDiffuseMap.uexp" 110
"../../../Engine/Content/Functions/Engine_MaterialFunctions02/PivotPainter2/Black_1x1_EXR_Texture.uasset" 111
"../../../Engine/Content/Functions/Engine_MaterialFunctions02/PivotPainter2/Black_1x1_EXR_Texture.uexp" 112
"../../../Engine/Content/EngineMaterials/BaseFlattenEmissiveMap.uasset" 113
"../../../Engine/Content/EngineMaterials/BaseFlattenEmissiveMap.uexp" 114
"../../../Engine/Content/EngineMaterials/BaseFlattenLinearColor.uasset" 115
"../../../Engine/Content/EngineMaterials/BaseFlattenLinearColor.uexp" 116
"../../../Engine/Content/EngineMaterials/FlattenMaterial.uasset" 117
"../../../Engine/Content/EngineMaterials/FlattenMaterial.uexp" 118
"../../../Engine/Content/EngineMaterials/DefaultWhiteGrid_Low.uasset" 119
"../../../Engine/Content/EngineMaterials/DefaultWhiteGrid_Low.uexp" 120
"../../../Engine/Content/EngineMaterials/EmissiveMeshMaterial.uasset" 121
"../../../Engine/Content/EngineMaterials/EmissiveMeshMaterial.uexp" 122
"../../../Engine/Content/EngineMaterials/DefaultWhiteGrid.ubulk" 123
"../../../Engine/Content/EngineMaterials/DefaultWhiteGrid.uasset" 124
"../../../Engine/Content/EngineMaterials/DefaultWhiteGrid.uexp" 125
"../../../Engine/Content/EngineFonts/RobotoDistanceField.uasset" 126
"../../../Engine/Content/EngineFonts/RobotoDistanceField.uexp" 127
"../../../Engine/Content/EngineMaterials/DefaultTextMaterialOpaque.uasset" 128
"../../../Engine/Content/EngineMaterials/DefaultTextMaterialOpaque.uexp" 129
"../../../Engine/Content/EngineMaterials/DefaultDiffuse.ubulk" 130
"../../../Engine/Content/EngineMaterials/DefaultDiffuse.uasset" 131
"../../../Engine/Content/EngineMaterials/DefaultDiffuse.uexp" 132
"../../../Engine/Content/Functions/Engine_MaterialFunctions02/Utility/BreakOutFloat2Components.uasset" 133
"../../../Engine/Content/Functions/Engine_MaterialFunctions02/Utility/BreakOutFloat2Components.uexp" 134
"../../../Engine/Content/EngineMaterials/DefaultPostProcessMaterial.uasset" 135
"../../../Engine/Content/EngineMaterials/DefaultPostProcessMaterial.uexp" 136
"../../../Engine/Content/EngineMaterials/DefaultPhysicalMaterial.uasset" 137
"../../../Engine/Content/EngineMaterials/DefaultPhysicalMaterial.uexp" 138
"../../../Engine/Content/EngineMaterials/DefaultLightFunctionMaterial.uasset" 139
"../../../Engine/Content/EngineMaterials/DefaultLightFunctionMaterial.uexp" 140
"../../../Engine/Content/EngineMaterials/DefaultDestructiblePhysicalMaterial.uasset" 141
"../../../Engine/Content/EngineMaterials/DefaultDestructiblePhysicalMaterial.uexp" 142
"../../../Engine/Content/EngineMaterials/DefaultDeferredDecalMaterial.uasset" 143
"../../../Engine/Content/EngineMaterials/DefaultDeferredDecalMaterial.uexp" 144
"../../../Engine/Content/EngineMaterials/DefaultBokeh.uasset" 145
"../../../Engine/Content/EngineMaterials/DefaultBokeh.uexp" 146
"../../../Engine/Content/EngineMaterials/DefaultBloomKernel.uasset" 147
"../../../Engine/Content/EngineMaterials/DefaultBloomKernel.uexp" 148
"../../../Engine/Content/EngineMaterials/BlueNoise.uasset" 149
"../../../Engine/Content/EngineMaterials/BlueNoise.uexp" 150
"../../../Engine/Content/EngineFonts/Faces/RobotoLight.uexp" 151
"../../../Engine/Content/EngineFonts/Faces/RobotoLight.uasset" 152
"../../../Engine/Content/EngineFonts/Faces/RobotoLight.ufont" 153
"../../../Engine/Content/EngineFonts/Faces/RobotoBold.uexp" 154
"../../../Engine/Content/EngineFonts/Faces/RobotoBold.uasset" 155
"../../../Engine/Content/EngineFonts/Faces/RobotoBold.ufont" 156
"../../../Engine/Content/EngineFonts/Faces/RobotoRegular.uexp" 157
"../../../Engine/Content/EngineFonts/Faces/RobotoRegular.uasset" 158
"../../../Engine/Content/EngineFonts/Faces/RobotoRegular.ufont" 159
"../../../Engine/Content/EngineFonts/Faces/DroidSansFallback.uexp" 160
"../../../Engine/Content/EngineFonts/Faces/DroidSansFallback.uasset" 161
"../../../Engine/Content/EngineFonts/Faces/DroidSansFallback.ufont" 162
"../../../Engine/Content/EngineFonts/Faces/RobotoItalic.uexp" 163
"../../../Engine/Content/EngineFonts/Faces/RobotoItalic.uasset" 164
"../../../Engine/Content/EngineFonts/Faces/RobotoItalic.ufont" 165
"../../../Engine/Content/EngineFonts/Faces/RobotoBoldItalic.uexp" 166
"../../../Engine/Content/EngineFonts/Faces/RobotoBoldItalic.uasset" 167
"../../../Engine/Content/EngineFonts/Faces/RobotoBoldItalic.ufont" 168
"../../../Engine/Content/EngineFonts/Roboto.uasset" 169
"../../../Engine/Content/EngineFonts/Roboto.uexp" 170
"../../../Engine/Content/Functions/Engine_MaterialFunctions02/Utility/CameraDirectionVector.uasset" 171
"../../../Engine/Content/Functions/Engine_MaterialFunctions02/Utility/CameraDirectionVector.uexp" 172
"../../../Engine/Content/EngineDebugMaterials/VolumeToRender.uasset" 173
"../../../Engine/Content/EngineDebugMaterials/VolumeToRender.uexp" 174
"../../../Engine/Content/EngineDebugMaterials/M_VolumeRenderSphereTracePP.uasset" 175
"../../../Engine/Content/EngineDebugMaterials/M_VolumeRenderSphereTracePP.uexp" 176
"../../../Engine/Content/EngineDebugMaterials/M_SimpleUnlitTranslucent.uasset" 177
"../../../Engine/Content/EngineDebugMaterials/M_SimpleUnlitTranslucent.uexp" 178
"../../../Engine/Content/EngineDebugMaterials/DebugMeshMaterial.uasset" 179
"../../../Engine/Content/EngineDebugMaterials/DebugMeshMaterial.uexp" 180
"../../../Engine/Content/EngineDebugMaterials/DebugEditorMaterial.uasset" 181
"../../../Engine/Content/EngineDebugMaterials/DebugEditorMaterial.uexp" 182
"../../../Engine/Content/EngineDamageTypes/DmgTypeBP_Environmental.uasset" 183
"../../../Engine/Content/EngineDamageTypes/DmgTypeBP_Environmental.uexp" 184
"../../../Engine/Content/EditorResources/S_TriggerSphere.uasset" 185
"../../../Engine/Content/EditorResources/S_TriggerSphere.uexp" 186
"../../../Engine/Content/EditorResources/S_TriggerCapsule.uasset" 187
"../../../Engine/Content/EditorResources/S_TriggerCapsule.uexp" 188
"../../../Engine/Content/EditorResources/S_TriggerBox.uasset" 189
"../../../Engine/Content/EditorResources/S_TriggerBox.uexp" 190
"../../../Engine/Content/EditorResources/S_Trigger.ubulk" 191
"../../../Engine/Content/EditorResources/S_Trigger.uasset" 192
"../../../Engine/Content/EditorResources/S_Trigger.uexp" 193
"../../../Engine/Content/EditorResources/S_Terrain.ubulk" 194
"../../../Engine/Content/EditorResources/S_Terrain.uasset" 195
"../../../Engine/Content/EditorResources/S_Terrain.uexp" 196
"../../../Engine/Content/EditorResources/S_Solver.ubulk" 197
"../../../Engine/Content/EditorResources/S_Solver.uasset" 198
"../../../Engine/Content/EditorResources/S_Solver.uexp" 199
"../../../Engine/Content/EditorResources/S_BoxReflectionCapture.uasset" 200
"../../../Engine/Content/EditorResources/S_BoxReflectionCapture.uexp" 201
"../../../Engine/Content/EditorResources/S_Actor.ubulk" 202
"../../../Engine/Content/EditorResources/S_Actor.uasset" 203
"../../../Engine/Content/EditorResources/S_Actor.uexp" 204
"../../../Engine/Content/EditorResources/EmptyActor.uasset" 205
"../../../Engine/Content/EditorResources/EmptyActor.uexp" 206
"../../../Engine/Content/EditorResources/BSPVertex.uasset" 207
"../../../Engine/Content/EditorResources/BSPVertex.uexp" 208
"../../../Engine/Content/EditorResources/SequenceRecorder/RecordingIndicator.uasset" 209
"../../../Engine/Content/EditorResources/SequenceRecorder/RecordingIndicator.uexp" 210
"../../../Engine/Content/EditorResources/SequenceRecorder/Countdown.uasset" 211
"../../../Engine/Content/EditorResources/SequenceRecorder/Countdown.uexp" 212
"../../../Engine/Content/EditorMaterials/Camera/CineMat.uasset" 213
"../../../Engine/Content/EditorMaterials/Camera/CineMat.uexp" 214
"../../../Engine/Content/EditorMaterials/Camera/MI_CineMat_Rig.uasset" 215
"../../../Engine/Content/EditorMaterials/Camera/MI_CineMat_Rig.uexp" 216
"../../../Engine/Content/EditorMeshes/Camera/SM_RailRig_Track.ubulk" 217
"../../../Engine/Content/EditorMeshes/Camera/SM_RailRig_Track.uasset" 218
"../../../Engine/Content/EditorMeshes/Camera/SM_RailRig_Track.uexp" 219
"../../../Engine/Content/EditorMeshes/Camera/SM_RailRig_Mount.ubulk" 220
"../../../Engine/Content/EditorMeshes/Camera/SM_RailRig_Mount.uasset" 221
"../../../Engine/Content/EditorMeshes/Camera/SM_RailRig_Mount.uexp" 222
"../../../Engine/Content/EditorMeshes/Camera/SM_CraneRig_Mount.ubulk" 223
"../../../Engine/Content/EditorMeshes/Camera/SM_CraneRig_Mount.uasset" 224
"../../../Engine/Content/EditorMeshes/Camera/SM_CraneRig_Mount.uexp" 225
"../../../Engine/Content/EditorMeshes/Camera/SM_CraneRig_Body.ubulk" 226
"../../../Engine/Content/EditorMeshes/Camera/SM_CraneRig_Body.uasset" 227
"../../../Engine/Content/EditorMeshes/Camera/SM_CraneRig_Body.uexp" 228
"../../../Engine/Content/EditorMeshes/Camera/SM_CraneRig_Base.ubulk" 229
"../../../Engine/Content/EditorMeshes/Camera/SM_CraneRig_Base.uasset" 230
"../../../Engine/Content/EditorMeshes/Camera/SM_CraneRig_Base.uexp" 231
"../../../Engine/Content/EditorMeshes/Camera/SM_CraneRig_Arm.ubulk" 232
"../../../Engine/Content/EditorMeshes/Camera/SM_CraneRig_Arm.uasset" 233
"../../../Engine/Content/EditorMeshes/Camera/SM_CraneRig_Arm.uexp" 234
"../../../Engine/Content/EditorMaterials/PreviewShadowIndicator.ubulk" 235
"../../../Engine/Content/EditorMaterials/PreviewShadowIndicator.uasset" 236
"../../../Engine/Content/EditorMaterials/PreviewShadowIndicator.uexp" 237
"../../../Engine/Content/EditorMaterials/PreviewShadowIndicatorMaterial.uasset" 238
"../../../Engine/Content/EditorMaterials/PreviewShadowIndicatorMaterial.uexp" 239
"../../../Engine/Content/EditorMaterials/MAT_Groups_Visibility.uasset" 240
"../../../Engine/Content/EditorMaterials/MAT_Groups_Visibility.uexp" 241
"../../../Engine/Content/EditorMaterials/MAT_Groups_Toggle.uasset" 242
"../../../Engine/Content/EditorMaterials/MAT_Groups_Toggle.uexp" 243
"../../../Engine/Content/Functions/Engine_MaterialFunctions02/Utility/MakeFloat4.uasset" 244
"../../../Engine/Content/Functions/Engine_MaterialFunctions02/Utility/MakeFloat4.uexp" 245
"../../../Engine/Content/Functions/Engine_MaterialFunctions02/Utility/MakeFloat3.uasset" 246
"../../../Engine/Content/Functions/Engine_MaterialFunctions02/Utility/MakeFloat3.uexp" 247
"../../../Engine/Content/Functions/Engine_MaterialFunctions02/Utility/BreakOutFloat3Components.uasset" 248
"../../../Engine/Content/Functions/Engine_MaterialFunctions02/Utility/BreakOutFloat3Components.uexp" 249
"../../../Engine/Content/EditorMaterials/WorldPartition/WorldPartitionSpatialHashGridPreviewMaterial.uasset" 250
"../../../Engine/Content/EditorMaterials/WorldPartition/WorldPartitionSpatialHashGridPreviewMaterial.uexp" 251
"../../../Engine/Content/EditorMaterials/ParticleSystems/PSysThumbnail_OOD.ubulk" 252
"../../../Engine/Content/EditorMaterials/ParticleSystems/PSysThumbnail_OOD.uasset" 253
"../../../Engine/Content/EditorMaterials/ParticleSystems/PSysThumbnail_OOD.uexp" 254
"../../../Engine/Content/EditorMaterials/ParticleSystems/PSysThumbnail_NoImage.ubulk" 255
"../../../Engine/Content/EditorMaterials/ParticleSystems/PSysThumbnail_NoImage.uasset" 256
"../../../Engine/Content/EditorMaterials/ParticleSystems/PSysThumbnail_NoImage.uexp" 257
"../../../Engine/Content/EditorMaterials/MatineeGroups/MAT_Groups_Vector.uasset" 258
"../../../Engine/Content/EditorMaterials/MatineeGroups/MAT_Groups_Vector.uexp" 259
"../../../Engine/Content/EditorMaterials/MatineeGroups/MAT_Groups_Sound.uasset" 260
"../../../Engine/Content/EditorMaterials/MatineeGroups/MAT_Groups_Sound.uexp" 261
"../../../Engine/Content/EditorMaterials/MatineeGroups/MAT_Groups_Slomo.uasset" 262
"../../../Engine/Content/EditorMaterials/MatineeGroups/MAT_Groups_Slomo.uexp" 263
"../../../Engine/Content/EditorMaterials/MatineeGroups/MAT_Groups_Move.uasset" 264
"../../../Engine/Content/EditorMaterials/MatineeGroups/MAT_Groups_Move.uexp" 265
"../../../Engine/Content/EditorMaterials/MatineeGroups/MAT_Groups_Float.uasset" 266
"../../../Engine/Content/EditorMaterials/MatineeGroups/MAT_Groups_Float.uexp" 267
"../../../Engine/Content/EditorMaterials/MatineeGroups/MAT_Groups_Fade.uasset" 268
"../../../Engine/Content/EditorMaterials/MatineeGroups/MAT_Groups_Fade.uexp" 269
"../../../Engine/Content/EditorMaterials/MatineeGroups/MAT_Groups_Event.uasset" 270
"../../../Engine/Content/EditorMaterials/MatineeGroups/MAT_Groups_Event.uexp" 271
"../../../Engine/Content/EditorMaterials/MatineeGroups/MAT_Groups_Director.uasset" 272
"../../../Engine/Content/EditorMaterials/MatineeGroups/MAT_Groups_Director.uexp" 273
"../../../Engine/Content/EditorMaterials/MatineeGroups/MAT_Groups_AudioMaster.uasset" 274
"../../../Engine/Content/EditorMaterials/MatineeGroups/MAT_Groups_AudioMaster.uexp" 275
"../../../Engine/Content/EditorMaterials/MatineeGroups/MAT_Groups_Anim.uasset" 276
"../../../Engine/Content/EditorMaterials/MatineeGroups/MAT_Groups_Anim.uexp" 277
"../../../Engine/Content/EditorMaterials/MatineeGroups/MAT_ColorTrack.uasset" 278
"../../../Engine/Content/EditorMaterials/MatineeGroups/MAT_ColorTrack.uexp" 279
"../../../Engine/Content/EditorLandscapeResources/DefaultAlphaTexture.uasset" 280
"../../../Engine/Content/EditorLandscapeResources/DefaultAlphaTexture.uexp" 281
"../../../Engine/Content/EditorLandscapeResources/DataLayer.uasset" 282
"../../../Engine/Content/EditorLandscapeResources/DataLayer.uexp" 283
"../../../Engine/Content/EngineMaterials/T_Default_Material_Grid_M.ubulk" 284
"../../../Engine/Content/EngineMaterials/T_Default_Material_Grid_M.uasset" 285
"../../../Engine/Content/EngineMaterials/T_Default_Material_Grid_M.uexp" 286
"../../../Engine/Content/EngineMaterials/T_Default_Material_Grid_N.ubulk" 287
"../../../Engine/Content/EngineMaterials/T_Default_Material_Grid_N.uasset" 288
"../../../Engine/Content/EngineMaterials/T_Default_Material_Grid_N.uexp" 289
"../../../Engine/Content/Functions/Engine_MaterialFunctions01/Opacity/CameraDepthFade.uasset" 290
"../../../Engine/Content/Functions/Engine_MaterialFunctions01/Opacity/CameraDepthFade.uexp" 291
"../../../Engine/Content/EngineMaterials/DefaultMaterial.uasset" 292
"../../../Engine/Content/EngineMaterials/DefaultMaterial.uexp" 293
"../../../Engine/Content/BasicShapes/Sphere.ubulk" 294
"../../../Engine/Content/BasicShapes/Sphere.uasset" 295
"../../../Engine/Content/BasicShapes/Sphere.uexp" 296
"../../../Engine/Content/EngineMaterials/WorldGridMaterial.uasset" 297
"../../../Engine/Content/EngineMaterials/WorldGridMaterial.uexp" 298
"../../../Engine/Content/BasicShapes/Plane.ubulk" 299
"../../../Engine/Content/BasicShapes/Plane.uasset" 300
"../../../Engine/Content/BasicShapes/Plane.uexp" 301
"../../../Engine/Content/BasicShapes/Cylinder.ubulk" 302
"../../../Engine/Content/BasicShapes/Cylinder.uasset" 303
"../../../Engine/Content/BasicShapes/Cylinder.uexp" 304
"../../../Engine/Content/BasicShapes/Cube.ubulk" 305
"../../../Engine/Content/BasicShapes/Cube.uasset" 306
"../../../Engine/Content/BasicShapes/Cube.uexp" 307
"../../../Engine/Content/BasicShapes/Cone.ubulk" 308
"../../../Engine/Content/BasicShapes/Cone.uasset" 309
"../../../Engine/Content/BasicShapes/Cone.uexp" 310
"../../../Engine/Content/ArtTools/RenderToTexture/Meshes/S_1_Unit_Plane.ubulk" 311
"../../../Engine/Content/ArtTools/RenderToTexture/Meshes/S_1_Unit_Plane.uasset" 312
"../../../Engine/Content/ArtTools/RenderToTexture/Meshes/S_1_Unit_Plane.uexp" 313
"../../../Engine/Content/MobileResources/HUD/VirtualJoystick_Background.uasset" 314
"../../../Engine/Content/MobileResources/HUD/VirtualJoystick_Background.uexp" 315
"../../../Engine/Content/MobileResources/HUD/VirtualJoystick_Thumb.uasset" 316
"../../../Engine/Content/MobileResources/HUD/VirtualJoystick_Thumb.uexp" 317
"../../../Engine/Content/MobileResources/HUD/DefaultVirtualJoysticks.uasset" 318
"../../../Engine/Content/MobileResources/HUD/DefaultVirtualJoysticks.uexp" 319
"../../../Engine/Content/Tutorial/ContentIntroCurve.uasset" 320
"../../../Engine/Content/Tutorial/ContentIntroCurve.uexp" 321
"../../../Engine/Content/VREditor/TransformGizmo/Main.uasset" 322
"../../../Engine/Content/VREditor/TransformGizmo/Main.uexp" 323
"../../../Engine/Content/VREditor/TransformGizmo/Xray.uasset" 324
"../../../Engine/Content/VREditor/TransformGizmo/Xray.uexp" 325
"../../../Engine/Content/VREditor/TransformGizmo/SM_Sequencer_Node.ubulk" 326
"../../../Engine/Content/VREditor/TransformGizmo/SM_Sequencer_Node.uasset" 327
"../../../Engine/Content/VREditor/TransformGizmo/SM_Sequencer_Node.uexp" 328
"../../../Engine/Content/VREditor/LaserPointer/VR_LaserPower_01.ubulk" 329
"../../../Engine/Content/VREditor/LaserPointer/VR_LaserPower_01.uasset" 330
"../../../Engine/Content/VREditor/LaserPointer/VR_LaserPower_01.uexp" 331
"../../../Engine/Content/VREditor/TransformGizmo/TransformGizmoMaterial.uasset" 332
"../../../Engine/Content/VREditor/TransformGizmo/TransformGizmoMaterial.uexp" 333
"../../../Engine/Content/VREditor/TransformGizmo/TranslucentTransformGizmoMaterial.uasset" 334
"../../../Engine/Content/VREditor/TransformGizmo/TranslucentTransformGizmoMaterial.uexp" 335
"../../../Engine/Content/VREditor/TransformGizmo/PlaneTranslationHandle.ubulk" 336
"../../../Engine/Content/VREditor/TransformGizmo/PlaneTranslationHandle.uasset" 337
"../../../Engine/Content/VREditor/TransformGizmo/PlaneTranslationHandle.uexp" 338
"../../../Engine/Content/VREditor/TransformGizmo/BoundingBoxEdge.ubulk" 339
"../../../Engine/Content/VREditor/TransformGizmo/BoundingBoxEdge.uasset" 340
"../../../Engine/Content/VREditor/TransformGizmo/BoundingBoxEdge.uexp" 341
"../../../Engine/Content/VREditor/TransformGizmo/BoundingBoxCorner.ubulk" 342
"../../../Engine/Content/VREditor/TransformGizmo/BoundingBoxCorner.uasset" 343
"../../../Engine/Content/VREditor/TransformGizmo/BoundingBoxCorner.uexp" 344
"../../../Engine/Plugins/2D/Paper2D/Content/PlaceholderTextures/DummySpriteTexture.ubulk" 345
"../../../Engine/Plugins/2D/Paper2D/Content/PlaceholderTextures/DummySpriteTexture.uasset" 346
"../../../Engine/Plugins/2D/Paper2D/Content/PlaceholderTextures/DummySpriteTexture.uexp" 347
"../../../Engine/Plugins/2D/Paper2D/Content/DefaultSpriteMaterial.uasset" 348
"../../../Engine/Plugins/2D/Paper2D/Content/DefaultSpriteMaterial.uexp" 349
"../../../Engine/Plugins/2D/Paper2D/Content/OpaqueUnlitSpriteMaterial.uasset" 350
"../../../Engine/Plugins/2D/Paper2D/Content/OpaqueUnlitSpriteMaterial.uexp" 351
"../../../Engine/Plugins/2D/Paper2D/Content/MaskedUnlitSpriteMaterial.uasset" 352
"../../../Engine/Plugins/2D/Paper2D/Content/MaskedUnlitSpriteMaterial.uexp" 353
"../../../Engine/Plugins/2D/Paper2D/Content/DummySprite.uasset" 354
"../../../Engine/Plugins/2D/Paper2D/Content/DummySprite.uexp" 355
"../../../Engine/Plugins/2D/Paper2D/Content/DefaultPaperTerrainMaterial.uasset" 356
"../../../Engine/Plugins/2D/Paper2D/Content/DefaultPaperTerrainMaterial.uexp" 357
"../../../Engine/Plugins/Animation/ControlRig/Content/M_Manip.uasset" 358
"../../../Engine/Plugins/Animation/ControlRig/Content/M_Manip.uexp" 359
"../../../Engine/Plugins/Animation/ControlRig/Content/Controls/DefaultGizmoLibraryNormalized.uasset" 360
"../../../Engine/Plugins/Animation/ControlRig/Content/Controls/DefaultGizmoLibraryNormalized.uexp" 361
"../../../Engine/Plugins/Animation/ControlRig/Content/Controls/ControlRig_Wedge_solid.ubulk" 362
"../../../Engine/Plugins/Animation/ControlRig/Content/Controls/ControlRig_Wedge_solid.uasset" 363
"../../../Engine/Plugins/Animation/ControlRig/Content/Controls/ControlRig_Wedge_solid.uexp" 364
"../../../Engine/Plugins/Animation/ControlRig/Content/Controls/ControlRig_Wedge_3mm.ubulk" 365
"../../../Engine/Plugins/Animation/ControlRig/Content/Controls/ControlRig_Wedge_3mm.uasset" 366
"../../../Engine/Plugins/Animation/ControlRig/Content/Controls/ControlRig_Wedge_3mm.uexp" 367
"../../../Engine/Plugins/Animation/ControlRig/Content/Controls/ControlRig_Wedge_1mm.ubulk" 368
"../../../Engine/Plugins/Animation/ControlRig/Content/Controls/ControlRig_Wedge_1mm.uasset" 369
"../../../Engine/Plugins/Animation/ControlRig/Content/Controls/ControlRig_Wedge_1mm.uexp" 370
"../../../Engine/Plugins/Animation/ControlRig/Content/Controls/ControlRig_Triangle_solid.ubulk" 371
"../../../Engine/Plugins/Animation/ControlRig/Content/Controls/ControlRig_Triangle_solid.uasset" 372
"../../../Engine/Plugins/Animation/ControlRig/Content/Controls/ControlRig_Triangle_solid.uexp" 373
"../../../Engine/Plugins/Animation/ControlRig/Content/Controls/ControlRig_Triangle_3mm.ubulk" 374
"../../../Engine/Plugins/Animation/ControlRig/Content/Controls/ControlRig_Triangle_3mm.uasset" 375
"../../../Engine/Plugins/Animation/ControlRig/Content/Controls/ControlRig_Triangle_3mm.uexp" 376
"../../../Engine/Plugins/Animation/ControlRig/Content/Controls/ControlRig_Triangle_1mm.ubulk" 377
"../../../Engine/Plugins/Animation/ControlRig/Content/Controls/ControlRig_Triangle_1mm.uasset" 378
"../../../Engine/Plugins/Animation/ControlRig/Content/Controls/ControlRig_Triangle_1mm.uexp" 379
"../../../Engine/Plugins/Animation/ControlRig/Content/Controls/ControlRig_Star4_solid.ubulk" 380
"../../../Engine/Plugins/Animation/ControlRig/Content/Controls/ControlRig_Star4_solid.uasset" 381
"../../../Engine/Plugins/Animation/ControlRig/Content/Controls/ControlRig_Star4_solid.uexp" 382
"../../../Engine/Plugins/Animation/ControlRig/Content/Controls/ControlRig_Star4_3mm.ubulk" 383
"../../../Engine/Plugins/Animation/ControlRig/Content/Controls/ControlRig_Star4_3mm.uasset" 384
"../../../Engine/Plugins/Animation/ControlRig/Content/Controls/ControlRig_Star4_3mm.uexp" 385
"../../../Engine/Plugins/Animation/ControlRig/Content/Controls/ControlRig_Star4_1mm.ubulk" 386
"../../../Engine/Plugins/Animation/ControlRig/Content/Controls/ControlRig_Star4_1mm.uasset" 387
"../../../Engine/Plugins/Animation/ControlRig/Content/Controls/ControlRig_Star4_1mm.uexp" 388
"../../../Engine/Plugins/Animation/ControlRig/Content/Controls/ControlRig_Square_solid.ubulk" 389
"../../../Engine/Plugins/Animation/ControlRig/Content/Controls/ControlRig_Square_solid.uasset" 390
"../../../Engine/Plugins/Animation/ControlRig/Content/Controls/ControlRig_Square_solid.uexp" 391
"../../../Engine/Plugins/Animation/ControlRig/Content/Controls/ControlRig_Square_3mm.ubulk" 392
"../../../Engine/Plugins/Animation/ControlRig/Content/Controls/ControlRig_Square_3mm.uasset" 393
"../../../Engine/Plugins/Animation/ControlRig/Content/Controls/ControlRig_Square_3mm.uexp" 394
"../../../Engine/Plugins/Animation/ControlRig/Content/Controls/ControlRig_Square_1mm.ubulk" 395
"../../../Engine/Plugins/Animation/ControlRig/Content/Controls/ControlRig_Square_1mm.uasset" 396
"../../../Engine/Plugins/Animation/ControlRig/Content/Controls/ControlRig_Square_1mm.uexp" 397
"../../../Engine/Plugins/Animation/ControlRig/Content/Controls/ControlRig_Sphere_solid.ubulk" 398
"../../../Engine/Plugins/Animation/ControlRig/Content/Controls/ControlRig_Sphere_solid.uasset" 399
"../../../Engine/Plugins/Animation/ControlRig/Content/Controls/ControlRig_Sphere_solid.uexp" 400
"../../../Engine/Plugins/Animation/ControlRig/Content/Controls/ControlRig_Sphere_3mm.ubulk" 401
"../../../Engine/Plugins/Animation/ControlRig/Content/Controls/ControlRig_Sphere_3mm.uasset" 402
"../../../Engine/Plugins/Animation/ControlRig/Content/Controls/ControlRig_Sphere_3mm.uexp" 403
"../../../Engine/Plugins/Animation/ControlRig/Content/Controls/ControlRig_Sphere_1mm.ubulk" 404
"../../../Engine/Plugins/Animation/ControlRig/Content/Controls/ControlRig_Sphere_1mm.uasset" 405
"../../../Engine/Plugins/Animation/ControlRig/Content/Controls/ControlRig_Sphere_1mm.uexp" 406
"../../../Engine/Plugins/Animation/ControlRig/Content/Controls/ControlRig_RoundedTriangle_solid.ubulk" 407
"../../../Engine/Plugins/Animation/ControlRig/Content/Controls/ControlRig_RoundedTriangle_solid.uasset" 408
"../../../Engine/Plugins/Animation/ControlRig/Content/Controls/ControlRig_RoundedTriangle_solid.uexp" 409
"../../../Engine/Plugins/Animation/ControlRig/Content/Controls/ControlRig_RoundedTriangle_3mm.ubulk" 410
"../../../Engine/Plugins/Animation/ControlRig/Content/Controls/ControlRig_RoundedTriangle_3mm.uasset" 411
"../../../Engine/Plugins/Animation/ControlRig/Content/Controls/ControlRig_RoundedTriangle_3mm.uexp" 412
"../../../Engine/Plugins/Animation/ControlRig/Content/Controls/ControlRig_RoundedTriangle_1mm.ubulk" 413
"../../../Engine/Plugins/Animation/ControlRig/Content/Controls/ControlRig_RoundedTriangle_1mm.uasset" 414
"../../../Engine/Plugins/Animation/ControlRig/Content/Controls/ControlRig_RoundedTriangle_1mm.uexp" 415
"../../../Engine/Plugins/Animation/ControlRig/Content/Controls/ControlRig_RoundedSquare_solid.ubulk" 416
"../../../Engine/Plugins/Animation/ControlRig/Content/Controls/ControlRig_RoundedSquare_solid.uasset" 417
"../../../Engine/Plugins/Animation/ControlRig/Content/Controls/ControlRig_RoundedSquare_solid.uexp" 418
"../../../Engine/Plugins/Animation/ControlRig/Content/Controls/ControlRig_RoundedSquare_3mm.ubulk" 419
"../../../Engine/Plugins/Animation/ControlRig/Content/Controls/ControlRig_RoundedSquare_3mm.uasset" 420
"../../../Engine/Plugins/Animation/ControlRig/Content/Controls/ControlRig_RoundedSquare_3mm.uexp" 421
"../../../Engine/Plugins/Animation/ControlRig/Content/Controls/ControlRig_RoundedSquare_1mm.ubulk" 422
"../../../Engine/Plugins/Animation/ControlRig/Content/Controls/ControlRig_RoundedSquare_1mm.uasset" 423
"../../../Engine/Plugins/Animation/ControlRig/Content/Controls/ControlRig_RoundedSquare_1mm.uexp" 424
"../../../Engine/Plugins/Animation/ControlRig/Content/Controls/ControlRig_QuarterCircle_solid.ubulk" 425
"../../../Engine/Plugins/Animation/ControlRig/Content/Controls/ControlRig_QuarterCircle_solid.uasset" 426
"../../../Engine/Plugins/Animation/ControlRig/Content/Controls/ControlRig_QuarterCircle_solid.uexp" 427
"../../../Engine/Plugins/Animation/ControlRig/Content/Controls/ControlRig_QuarterCircle_3mm.ubulk" 428
"../../../Engine/Plugins/Animation/ControlRig/Content/Controls/ControlRig_QuarterCircle_3mm.uasset" 429
"../../../Engine/Plugins/Animation/ControlRig/Content/Controls/ControlRig_QuarterCircle_3mm.uexp" 430
"../../../Engine/Plugins/Animation/ControlRig/Content/Controls/ControlRig_QuarterCircle_1mm.ubulk" 431
"../../../Engine/Plugins/Animation/ControlRig/Content/Controls/ControlRig_QuarterCircle_1mm.uasset" 432
"../../../Engine/Plugins/Animation/ControlRig/Content/Controls/ControlRig_QuarterCircle_1mm.uexp" 433
"../../../Engine/Plugins/Animation/ControlRig/Content/Controls/ControlRig_Pyramid_solid.ubulk" 434
"../../../Engine/Plugins/Animation/ControlRig/Content/Controls/ControlRig_Pyramid_solid.uasset" 435
"../../../Engine/Plugins/Animation/ControlRig/Content/Controls/ControlRig_Pyramid_solid.uexp" 436
"../../../Engine/Plugins/Animation/ControlRig/Content/Controls/ControlRig_Pyramid_3mm.ubulk" 437
"../../../Engine/Plugins/Animation/ControlRig/Content/Controls/ControlRig_Pyramid_3mm.uasset" 438
"../../../Engine/Plugins/Animation/ControlRig/Content/Controls/ControlRig_Pyramid_3mm.uexp" 439
"../../../Engine/Plugins/Animation/ControlRig/Content/Controls/ControlRig_Pyramid_1mm.ubulk" 440
"../../../Engine/Plugins/Animation/ControlRig/Content/Controls/ControlRig_Pyramid_1mm.uasset" 441
"../../../Engine/Plugins/Animation/ControlRig/Content/Controls/ControlRig_Pyramid_1mm.uexp" 442
"../../../Engine/Plugins/Animation/ControlRig/Content/Controls/ControlRig_Octagon_solid.ubulk" 443
"../../../Engine/Plugins/Animation/ControlRig/Content/Controls/ControlRig_Octagon_solid.uasset" 444
"../../../Engine/Plugins/Animation/ControlRig/Content/Controls/ControlRig_Octagon_solid.uexp" 445
"../../../Engine/Plugins/Animation/ControlRig/Content/Controls/ControlRig_Octagon_3mm.ubulk" 446
"../../../Engine/Plugins/Animation/ControlRig/Content/Controls/ControlRig_Octagon_3mm.uasset" 447
"../../../Engine/Plugins/Animation/ControlRig/Content/Controls/ControlRig_Octagon_3mm.uexp" 448
"../../../Engine/Plugins/Animation/ControlRig/Content/Controls/ControlRig_Octagon_1mm.ubulk" 449
"../../../Engine/Plugins/Animation/ControlRig/Content/Controls/ControlRig_Octagon_1mm.uasset" 450
"../../../Engine/Plugins/Animation/ControlRig/Content/Controls/ControlRig_Octagon_1mm.uexp" 451
"../../../Engine/Plugins/Animation/ControlRig/Content/Controls/ControlRig_Hexagon_solid.ubulk" 452
"../../../Engine/Plugins/Animation/ControlRig/Content/Controls/ControlRig_Hexagon_solid.uasset" 453
"../../../Engine/Plugins/Animation/ControlRig/Content/Controls/ControlRig_Hexagon_solid.uexp" 454
"../../../Engine/Plugins/Animation/ControlRig/Content/Controls/ControlRig_Hexagon_3mm.ubulk" 455
"../../../Engine/Plugins/Animation/ControlRig/Content/Controls/ControlRig_Hexagon_3mm.uasset" 456
"../../../Engine/Plugins/Animation/ControlRig/Content/Controls/ControlRig_Hexagon_3mm.uexp" 457
"../../../Engine/Plugins/Animation/ControlRig/Content/Controls/ControlRig_Hexagon_1mm.ubulk" 458
"../../../Engine/Plugins/Animation/ControlRig/Content/Controls/ControlRig_Hexagon_1mm.uasset" 459
"../../../Engine/Plugins/Animation/ControlRig/Content/Controls/ControlRig_Hexagon_1mm.uexp" 460
"../../../Engine/Plugins/Animation/ControlRig/Content/Controls/ControlRig_HalfCircle_solid.ubulk" 461
"../../../Engine/Plugins/Animation/ControlRig/Content/Controls/ControlRig_HalfCircle_solid.uasset" 462
"../../../Engine/Plugins/Animation/ControlRig/Content/Controls/ControlRig_HalfCircle_solid.uexp" 463
"../../../Engine/Plugins/Animation/ControlRig/Content/Controls/ControlRig_HalfCircle_3mm.ubulk" 464
"../../../Engine/Plugins/Animation/ControlRig/Content/Controls/ControlRig_HalfCircle_3mm.uasset" 465
"../../../Engine/Plugins/Animation/ControlRig/Content/Controls/ControlRig_HalfCircle_3mm.uexp" 466
"../../../Engine/Plugins/Animation/ControlRig/Content/Controls/ControlRig_HalfCircle_1mm.ubulk" 467
"../../../Engine/Plugins/Animation/ControlRig/Content/Controls/ControlRig_HalfCircle_1mm.uasset" 468
"../../../Engine/Plugins/Animation/ControlRig/Content/Controls/ControlRig_HalfCircle_1mm.uexp" 469
"../../../Engine/Plugins/Animation/ControlRig/Content/Controls/ControlRig_Diamond_solid.ubulk" 470
"../../../Engine/Plugins/Animation/ControlRig/Content/Controls/ControlRig_Diamond_solid.uasset" 471
"../../../Engine/Plugins/Animation/ControlRig/Content/Controls/ControlRig_Diamond_solid.uexp" 472
"../../../Engine/Plugins/Animation/ControlRig/Content/Controls/ControlRig_Diamond_3mm.ubulk" 473
"../../../Engine/Plugins/Animation/ControlRig/Content/Controls/ControlRig_Diamond_3mm.uasset" 474
"../../../Engine/Plugins/Animation/ControlRig/Content/Controls/ControlRig_Diamond_3mm.uexp" 475
"../../../Engine/Plugins/Animation/ControlRig/Content/Controls/ControlRig_Diamond_1mm.ubulk" 476
"../../../Engine/Plugins/Animation/ControlRig/Content/Controls/ControlRig_Diamond_1mm.uasset" 477
"../../../Engine/Plugins/Animation/ControlRig/Content/Controls/ControlRig_Diamond_1mm.uexp" 478
"../../../Engine/Plugins/Animation/ControlRig/Content/Controls/ControlRig_Circle_solid.ubulk" 479
"../../../Engine/Plugins/Animation/ControlRig/Content/Controls/ControlRig_Circle_solid.uasset" 480
"../../../Engine/Plugins/Animation/ControlRig/Content/Controls/ControlRig_Circle_solid.uexp" 481
"../../../Engine/Plugins/Animation/ControlRig/Content/Controls/ControlRig_Circle_3mm.ubulk" 482
"../../../Engine/Plugins/Animation/ControlRig/Content/Controls/ControlRig_Circle_3mm.uasset" 483
"../../../Engine/Plugins/Animation/ControlRig/Content/Controls/ControlRig_Circle_3mm.uexp" 484
"../../../Engine/Plugins/Animation/ControlRig/Content/Controls/ControlRig_Circle_1mm.ubulk" 485
"../../../Engine/Plugins/Animation/ControlRig/Content/Controls/ControlRig_Circle_1mm.uasset" 486
"../../../Engine/Plugins/Animation/ControlRig/Content/Controls/ControlRig_Circle_1mm.uexp" 487
"../../../Engine/Plugins/Animation/ControlRig/Content/Controls/ControlRig_Box_solid.ubulk" 488
"../../../Engine/Plugins/Animation/ControlRig/Content/Controls/ControlRig_Box_solid.uasset" 489
"../../../Engine/Plugins/Animation/ControlRig/Content/Controls/ControlRig_Box_solid.uexp" 490
"../../../Engine/Plugins/Animation/ControlRig/Content/Controls/ControlRig_Box_3mm.ubulk" 491
"../../../Engine/Plugins/Animation/ControlRig/Content/Controls/ControlRig_Box_3mm.uasset" 492
"../../../Engine/Plugins/Animation/ControlRig/Content/Controls/ControlRig_Box_3mm.uexp" 493
"../../../Engine/Plugins/Animation/ControlRig/Content/Controls/ControlRig_Box_1mm.ubulk" 494
"../../../Engine/Plugins/Animation/ControlRig/Content/Controls/ControlRig_Box_1mm.uasset" 495
"../../../Engine/Plugins/Animation/ControlRig/Content/Controls/ControlRig_Box_1mm.uexp" 496
"../../../Engine/Plugins/Animation/ControlRig/Content/Controls/ControlRig_Arrow_solid.ubulk" 497
"../../../Engine/Plugins/Animation/ControlRig/Content/Controls/ControlRig_Arrow_solid.uasset" 498
"../../../Engine/Plugins/Animation/ControlRig/Content/Controls/ControlRig_Arrow_solid.uexp" 499
"../../../Engine/Plugins/Animation/ControlRig/Content/Controls/ControlRig_Arrow_3mm.ubulk" 500
"../../../Engine/Plugins/Animation/ControlRig/Content/Controls/ControlRig_Arrow_3mm.uasset" 501
"../../../Engine/Plugins/Animation/ControlRig/Content/Controls/ControlRig_Arrow_3mm.uexp" 502
"../../../Engine/Plugins/Animation/ControlRig/Content/Controls/ControlRig_Arrow_1mm.ubulk" 503
"../../../Engine/Plugins/Animation/ControlRig/Content/Controls/ControlRig_Arrow_1mm.uasset" 504
"../../../Engine/Plugins/Animation/ControlRig/Content/Controls/ControlRig_Arrow_1mm.uexp" 505
"../../../Engine/Plugins/Animation/ControlRig/Content/Controls/ControlRig_Arrow4_solid.ubulk" 506
"../../../Engine/Plugins/Animation/ControlRig/Content/Controls/ControlRig_Arrow4_solid.uasset" 507
"../../../Engine/Plugins/Animation/ControlRig/Content/Controls/ControlRig_Arrow4_solid.uexp" 508
"../../../Engine/Plugins/Animation/ControlRig/Content/Controls/ControlRig_Arrow4_3mm.ubulk" 509
"../../../Engine/Plugins/Animation/ControlRig/Content/Controls/ControlRig_Arrow4_3mm.uasset" 510
"../../../Engine/Plugins/Animation/ControlRig/Content/Controls/ControlRig_Arrow4_3mm.uexp" 511
"../../../Engine/Plugins/Animation/ControlRig/Content/Controls/ControlRig_Arrow4_1mm.ubulk" 512
"../../../Engine/Plugins/Animation/ControlRig/Content/Controls/ControlRig_Arrow4_1mm.uasset" 513
"../../../Engine/Plugins/Animation/ControlRig/Content/Controls/ControlRig_Arrow4_1mm.uexp" 514
"../../../Engine/Plugins/Animation/ControlRig/Content/Controls/ControlRig_Arrow2_solid.ubulk" 515
"../../../Engine/Plugins/Animation/ControlRig/Content/Controls/ControlRig_Arrow2_solid.uasset" 516
"../../../Engine/Plugins/Animation/ControlRig/Content/Controls/ControlRig_Arrow2_solid.uexp" 517
"../../../Engine/Plugins/Animation/ControlRig/Content/Controls/ControlRig_Arrow2_3mm.ubulk" 518
"../../../Engine/Plugins/Animation/ControlRig/Content/Controls/ControlRig_Arrow2_3mm.uasset" 519
"../../../Engine/Plugins/Animation/ControlRig/Content/Controls/ControlRig_Arrow2_3mm.uexp" 520
"../../../Engine/Plugins/Animation/ControlRig/Content/Controls/ControlRig_Arrow2_1mm.ubulk" 521
"../../../Engine/Plugins/Animation/ControlRig/Content/Controls/ControlRig_Arrow2_1mm.uasset" 522
"../../../Engine/Plugins/Animation/ControlRig/Content/Controls/ControlRig_Arrow2_1mm.uexp" 523
"../../../Engine/Plugins/Animation/ControlRig/Content/Controls/ControlRigGizmoMaterial.uasset" 524
"../../../Engine/Plugins/Animation/ControlRig/Content/Controls/ControlRigGizmoMaterial.uexp" 525
"../../../Engine/Plugins/Editor/SpeedTreeImporter/Content/SpeedTree9/game_wind_noise.ubulk" 526
"../../../Engine/Plugins/Editor/SpeedTreeImporter/Content/SpeedTree9/game_wind_noise.uasset" 527
"../../../Engine/Plugins/Editor/SpeedTreeImporter/Content/SpeedTree9/game_wind_noise.uexp" 528
"../../../Engine/Plugins/Editor/SpeedTreeImporter/Content/SpeedTree9/UnpackDirection.uasset" 529
"../../../Engine/Plugins/Editor/SpeedTreeImporter/Content/SpeedTree9/UnpackDirection.uexp" 530
"../../../Engine/Content/Functions/Engine_MaterialFunctions02/ObjectLocalBounds.uasset" 531
"../../../Engine/Content/Functions/Engine_MaterialFunctions02/ObjectLocalBounds.uexp" 532
"../../../Engine/Content/Functions/Engine_MaterialFunctions02/UVs/BoundingBoxBased_0-1_UVW.uasset" 533
"../../../Engine/Content/Functions/Engine_MaterialFunctions02/UVs/BoundingBoxBased_0-1_UVW.uexp" 534
"../../../Engine/Content/Functions/Engine_MaterialFunctions02/Utility/VectorLength.uasset" 535
"../../../Engine/Content/Functions/Engine_MaterialFunctions02/Utility/VectorLength.uexp" 536
"../../../Engine/Plugins/Editor/SpeedTreeImporter/Content/SpeedTree9/UnpackInteger3.uasset" 537
"../../../Engine/Plugins/Editor/SpeedTreeImporter/Content/SpeedTree9/UnpackInteger3.uexp" 538
"../../../Engine/Plugins/Editor/SpeedTreeImporter/Content/SpeedTree9/SpeedTreeCameraFacing.uasset" 539
"../../../Engine/Plugins/Editor/SpeedTreeImporter/Content/SpeedTree9/SpeedTreeCameraFacing.uexp" 540
"../../../Engine/Content/Functions/Engine_MaterialFunctions02/WorldPositionOffset/ObjectScale.uasset" 541
"../../../Engine/Content/Functions/Engine_MaterialFunctions02/WorldPositionOffset/ObjectScale.uexp" 542
"../../../Engine/Content/Functions/Engine_MaterialFunctions02/SafeNormalize.uasset" 543
"../../../Engine/Content/Functions/Engine_MaterialFunctions02/SafeNormalize.uexp" 544
"../../../Engine/Plugins/Editor/SpeedTreeImporter/Content/SpeedTree9/SpeedTreeWindMotion.uasset" 545
"../../../Engine/Plugins/Editor/SpeedTreeImporter/Content/SpeedTree9/SpeedTreeWindMotion.uexp" 546
"../../../Engine/Plugins/Editor/SpeedTreeImporter/Content/SpeedTree9/SpeedTreeBranchMotion.uasset" 547
"../../../Engine/Plugins/Editor/SpeedTreeImporter/Content/SpeedTree9/SpeedTreeBranchMotion.uexp" 548
"../../../Engine/Plugins/Editor/SpeedTreeImporter/Content/SpeedTree9/SpeedTreeWind.uasset" 549
"../../../Engine/Plugins/Editor/SpeedTreeImporter/Content/SpeedTree9/SpeedTreeWind.uexp" 550
"../../../Engine/Plugins/Editor/SpeedTreeImporter/Content/SpeedTree9/EmptyNormal.uasset" 551
"../../../Engine/Plugins/Editor/SpeedTreeImporter/Content/SpeedTree9/EmptyNormal.uexp" 552
"../../../Engine/Plugins/Editor/SpeedTreeImporter/Content/SpeedTree9/Empty.uasset" 553
"../../../Engine/Plugins/Editor/SpeedTreeImporter/Content/SpeedTree9/Empty.uexp" 554
"../../../Engine/Plugins/Editor/SpeedTreeImporter/Content/SpeedTree9/SpeedTreeMaster.uasset" 555
"../../../Engine/Plugins/Editor/SpeedTreeImporter/Content/SpeedTree9/SpeedTreeMaster.uexp" 556
"../../../Engine/Plugins/Editor/SpeedTreeImporter/Content/SpeedTree9/SpeedTreeBillboard.uasset" 557
"../../../Engine/Plugins/Editor/SpeedTreeImporter/Content/SpeedTree9/SpeedTreeBillboard.uexp" 558
"../../../Engine/Plugins/Editor/SpeedTreeImporter/Content/SpeedTree9/SpeedTreeBillboardMaster.uasset" 559
"../../../Engine/Plugins/Editor/SpeedTreeImporter/Content/SpeedTree9/SpeedTreeBillboardMaster.uexp" 560
"../../../Engine/Plugins/Runtime/HairStrands/Content/Materials/HairMeshesDefaultMaterial.uasset" 561
"../../../Engine/Plugins/Runtime/HairStrands/Content/Materials/HairMeshesDefaultMaterial.uexp" 562
"../../../Engine/Plugins/Runtime/HairStrands/Content/Materials/HairDefaultMaterial.uasset" 563
"../../../Engine/Plugins/Runtime/HairStrands/Content/Materials/HairDefaultMaterial.uexp" 564
"../../../Engine/Plugins/Runtime/HairStrands/Content/Materials/HairGroupColors.uasset" 565
"../../../Engine/Plugins/Runtime/HairStrands/Content/Materials/HairGroupColors.uexp" 566
"../../../Engine/Content/EngineMaterials/HairColorMap.uasset" 567
"../../../Engine/Content/EngineMaterials/HairColorMap.uexp" 568
"../../../Engine/Content/EngineMaterials/HairDebugColor.uasset" 569
"../../../Engine/Content/EngineMaterials/HairDebugColor.uexp" 570
"../../../Engine/Plugins/Runtime/HairStrands/Content/Materials/HairDebugMaterial.uasset" 571
"../../../Engine/Plugins/Runtime/HairStrands/Content/Materials/HairDebugMaterial.uexp" 572
"../../../Engine/Plugins/Runtime/HairStrands/Content/Materials/HairCardsDefaultMaterial.uasset" 573
"../../../Engine/Plugins/Runtime/HairStrands/Content/Materials/HairCardsDefaultMaterial.uexp" 574
"C:/Users/pshpj/Documents/Unreal Projects/SteamProject/Content/LevelPrototyping/Textures/T_GridChecker_A.ubulk" 575
"C:/Users/pshpj/Documents/Unreal Projects/SteamProject/Content/LevelPrototyping/Textures/T_GridChecker_A.uasset" 576
"C:/Users/pshpj/Documents/Unreal Projects/SteamProject/Content/LevelPrototyping/Textures/T_GridChecker_A.uexp" 577
"../../../Engine/Content/Functions/Engine_MaterialFunctions01/Gradient/LinearGradient.uasset" 578
"../../../Engine/Content/Functions/Engine_MaterialFunctions01/Gradient/LinearGradient.uexp" 579
"../../../Engine/Content/Functions/Engine_MaterialFunctions01/ImageAdjustment/CheapContrast.uasset" 580
"../../../Engine/Content/Functions/Engine_MaterialFunctions01/ImageAdjustment/CheapContrast.uexp" 581
"C:/Users/pshpj/Documents/Unreal Projects/SteamProject/Content/LevelPrototyping/Materials/MF_ProcGrid.uasset" 582
"C:/Users/pshpj/Documents/Unreal Projects/SteamProject/Content/LevelPrototyping/Materials/MF_ProcGrid.uexp" 583
"C:/Users/pshpj/Documents/Unreal Projects/SteamProject/Content/LevelPrototyping/Materials/M_PrototypeGrid.uasset" 584
"C:/Users/pshpj/Documents/Unreal Projects/SteamProject/Content/LevelPrototyping/Materials/M_PrototypeGrid.uexp" 585
"C:/Users/pshpj/Documents/Unreal Projects/SteamProject/Content/LevelPrototyping/Materials/MI_PrototypeGrid_TopDark.uasset" 586
"C:/Users/pshpj/Documents/Unreal Projects/SteamProject/Content/LevelPrototyping/Materials/MI_PrototypeGrid_TopDark.uexp" 587
"C:/Users/pshpj/Documents/Unreal Projects/SteamProject/Content/LevelPrototyping/Materials/MI_PrototypeGrid_Gray.uasset" 588
"C:/Users/pshpj/Documents/Unreal Projects/SteamProject/Content/LevelPrototyping/Materials/MI_PrototypeGrid_Gray.uexp" 589
"C:/Users/pshpj/Documents/Unreal Projects/SteamProject/Content/LevelPrototyping/Meshes/SM_Ramp.ubulk" 590
"C:/Users/pshpj/Documents/Unreal Projects/SteamProject/Content/LevelPrototyping/Meshes/SM_Ramp.uasset" 591
"C:/Users/pshpj/Documents/Unreal Projects/SteamProject/Content/LevelPrototyping/Meshes/SM_Ramp.uexp" 592
"C:/Users/pshpj/Documents/Unreal Projects/SteamProject/Content/LevelPrototyping/Meshes/SM_QuarterCylinder.ubulk" 593
"C:/Users/pshpj/Documents/Unreal Projects/SteamProject/Content/LevelPrototyping/Meshes/SM_QuarterCylinder.uasset" 594
"C:/Users/pshpj/Documents/Unreal Projects/SteamProject/Content/LevelPrototyping/Meshes/SM_QuarterCylinder.uexp" 595
"C:/Users/pshpj/Documents/Unreal Projects/SteamProject/Content/LevelPrototyping/Meshes/SM_Cube.ubulk" 596
"C:/Users/pshpj/Documents/Unreal Projects/SteamProject/Content/LevelPrototyping/Meshes/SM_Cube.uasset" 597
"C:/Users/pshpj/Documents/Unreal Projects/SteamProject/Content/LevelPrototyping/Meshes/SM_Cube.uexp" 598
"C:/Users/pshpj/Documents/Unreal Projects/SteamProject/Content/LevelPrototyping/Materials/M_Solid.uasset" 599
"C:/Users/pshpj/Documents/Unreal Projects/SteamProject/Content/LevelPrototyping/Materials/M_Solid.uexp" 600
"C:/Users/pshpj/Documents/Unreal Projects/SteamProject/Content/LevelPrototyping/Materials/MI_Solid_Blue.uasset" 601
"C:/Users/pshpj/Documents/Unreal Projects/SteamProject/Content/LevelPrototyping/Materials/MI_Solid_Blue.uexp" 602
"C:/Users/pshpj/Documents/Unreal Projects/SteamProject/Content/LevelPrototyping/Meshes/SM_ChamferCube.ubulk" 603
"C:/Users/pshpj/Documents/Unreal Projects/SteamProject/Content/LevelPrototyping/Meshes/SM_ChamferCube.uasset" 604
"C:/Users/pshpj/Documents/Unreal Projects/SteamProject/Content/LevelPrototyping/Meshes/SM_ChamferCube.uexp" 605
"C:/Users/pshpj/Documents/Unreal Projects/SteamProject/Content/Characters/Mannequins/Meshes/SK_Mannequin.uasset" 606
"C:/Users/pshpj/Documents/Unreal Projects/SteamProject/Content/Characters/Mannequins/Meshes/SK_Mannequin.uexp" 607
"C:/Users/pshpj/Documents/Unreal Projects/SteamProject/Content/Characters/Mannequins/Textures/Quinn/T_Quinn_02ID_MSR_MSK.ubulk" 608
"C:/Users/pshpj/Documents/Unreal Projects/SteamProject/Content/Characters/Mannequins/Textures/Quinn/T_Quinn_02ID_MSR_MSK.uasset" 609
"C:/Users/pshpj/Documents/Unreal Projects/SteamProject/Content/Characters/Mannequins/Textures/Quinn/T_Quinn_02ID_MSR_MSK.uexp" 610
"C:/Users/pshpj/Documents/Unreal Projects/SteamProject/Content/Characters/Mannequins/Textures/Quinn/T_Quinn_02ID_BN.ubulk" 611
"C:/Users/pshpj/Documents/Unreal Projects/SteamProject/Content/Characters/Mannequins/Textures/Quinn/T_Quinn_02ID_BN.uasset" 612
"C:/Users/pshpj/Documents/Unreal Projects/SteamProject/Content/Characters/Mannequins/Textures/Quinn/T_Quinn_02ID_BN.uexp" 613
"C:/Users/pshpj/Documents/Unreal Projects/SteamProject/Content/Characters/Mannequins/Textures/Quinn/T_Quinn_02_ASAOMASK_MSK.ubulk" 614
"C:/Users/pshpj/Documents/Unreal Projects/SteamProject/Content/Characters/Mannequins/Textures/Quinn/T_Quinn_02_ASAOMASK_MSK.uasset" 615
"C:/Users/pshpj/Documents/Unreal Projects/SteamProject/Content/Characters/Mannequins/Textures/Quinn/T_Quinn_02_ASAOMASK_MSK.uexp" 616
"C:/Users/pshpj/Documents/Unreal Projects/SteamProject/Content/Characters/Mannequins/Textures/Quinn/T_Quinn_02_CCRCCPlastic_MSK.ubulk" 617
"C:/Users/pshpj/Documents/Unreal Projects/SteamProject/Content/Characters/Mannequins/Textures/Quinn/T_Quinn_02_CCRCCPlastic_MSK.uasset" 618
"C:/Users/pshpj/Documents/Unreal Projects/SteamProject/Content/Characters/Mannequins/Textures/Quinn/T_Quinn_02_CCRCCPlastic_MSK.uexp" 619
"C:/Users/pshpj/Documents/Unreal Projects/SteamProject/Content/Characters/Mannequins/Textures/Quinn/T_Quinn_02ID_Tan.ubulk" 620
"C:/Users/pshpj/Documents/Unreal Projects/SteamProject/Content/Characters/Mannequins/Textures/Quinn/T_Quinn_02ID_Tan.uasset" 621
"C:/Users/pshpj/Documents/Unreal Projects/SteamProject/Content/Characters/Mannequins/Textures/Quinn/T_Quinn_02ID_Tan.uexp" 622
"C:/Users/pshpj/Documents/Unreal Projects/SteamProject/Content/Characters/Mannequins/Textures/Quinn/T_Quinn_02ID_D.ubulk" 623
"C:/Users/pshpj/Documents/Unreal Projects/SteamProject/Content/Characters/Mannequins/Textures/Quinn/T_Quinn_02ID_D.uasset" 624
"C:/Users/pshpj/Documents/Unreal Projects/SteamProject/Content/Characters/Mannequins/Textures/Quinn/T_Quinn_02ID_D.uexp" 625
"C:/Users/pshpj/Documents/Unreal Projects/SteamProject/Content/Characters/Mannequins/Textures/Quinn/T_Quinn_01ID_MSR_MSK.ubulk" 626
"C:/Users/pshpj/Documents/Unreal Projects/SteamProject/Content/Characters/Mannequins/Textures/Quinn/T_Quinn_01ID_MSR_MSK.uasset" 627
"C:/Users/pshpj/Documents/Unreal Projects/SteamProject/Content/Characters/Mannequins/Textures/Quinn/T_Quinn_01ID_MSR_MSK.uexp" 628
"C:/Users/pshpj/Documents/Unreal Projects/SteamProject/Content/Characters/Mannequins/Materials/Functions/ChromaticCurve.uasset" 629
"C:/Users/pshpj/Documents/Unreal Projects/SteamProject/Content/Characters/Mannequins/Materials/Functions/ChromaticCurve.uexp" 630
"C:/Users/pshpj/Documents/Unreal Projects/SteamProject/Content/Characters/Mannequins/Materials/Functions/CA_Mannequin.uasset" 631
"C:/Users/pshpj/Documents/Unreal Projects/SteamProject/Content/Characters/Mannequins/Materials/Functions/CA_Mannequin.uexp" 632
"C:/Users/pshpj/Documents/Unreal Projects/SteamProject/Content/Characters/Mannequins/Materials/Functions/MF_Diffraction.uasset" 633
"C:/Users/pshpj/Documents/Unreal Projects/SteamProject/Content/Characters/Mannequins/Materials/Functions/MF_Diffraction.uexp" 634
"C:/Users/pshpj/Documents/Unreal Projects/SteamProject/Content/Characters/Mannequins/Textures/Manny/T_Manny_01_N.ubulk" 635
"C:/Users/pshpj/Documents/Unreal Projects/SteamProject/Content/Characters/Mannequins/Textures/Manny/T_Manny_01_N.uasset" 636
"C:/Users/pshpj/Documents/Unreal Projects/SteamProject/Content/Characters/Mannequins/Textures/Manny/T_Manny_01_N.uexp" 637
"C:/Users/pshpj/Documents/Unreal Projects/SteamProject/Content/Characters/Mannequins/Materials/Functions/ML_BaseColorFallOff.uasset" 638
"C:/Users/pshpj/Documents/Unreal Projects/SteamProject/Content/Characters/Mannequins/Materials/Functions/ML_BaseColorFallOff.uexp" 639
"../../../Engine/Content/Functions/Engine_MaterialFunctions01/Texturing/ScaleUVsByCenter.uasset" 640
"../../../Engine/Content/Functions/Engine_MaterialFunctions01/Texturing/ScaleUVsByCenter.uexp" 641
"C:/Users/pshpj/Documents/Unreal Projects/SteamProject/Content/Characters/Mannequins/Textures/Shared/T_UE_Logo_M.uasset" 642
"C:/Users/pshpj/Documents/Unreal Projects/SteamProject/Content/Characters/Mannequins/Textures/Shared/T_UE_Logo_M.uexp" 643
"C:/Users/pshpj/Documents/Unreal Projects/SteamProject/Content/Characters/Mannequins/Materials/Functions/MF_logo3layers.uasset" 644
"C:/Users/pshpj/Documents/Unreal Projects/SteamProject/Content/Characters/Mannequins/Materials/Functions/MF_logo3layers.uexp" 645
"C:/Users/pshpj/Documents/Unreal Projects/SteamProject/Content/Characters/Mannequins/Textures/Manny/T_Manny_01_CCRCCPlastic_MSK.ubulk" 646
"C:/Users/pshpj/Documents/Unreal Projects/SteamProject/Content/Characters/Mannequins/Textures/Manny/T_Manny_01_CCRCCPlastic_MSK.uasset" 647
"C:/Users/pshpj/Documents/Unreal Projects/SteamProject/Content/Characters/Mannequins/Textures/Manny/T_Manny_01_CCRCCPlastic_MSK.uexp" 648
"C:/Users/pshpj/Documents/Unreal Projects/SteamProject/Content/Characters/Mannequins/Textures/Manny/T_Manny_01_ASAOPMASK_MSK.ubulk" 649
"C:/Users/pshpj/Documents/Unreal Projects/SteamProject/Content/Characters/Mannequins/Textures/Manny/T_Manny_01_ASAOPMASK_MSK.uasset" 650
"C:/Users/pshpj/Documents/Unreal Projects/SteamProject/Content/Characters/Mannequins/Textures/Manny/T_Manny_01_ASAOPMASK_MSK.uexp" 651
"C:/Users/pshpj/Documents/Unreal Projects/SteamProject/Content/Characters/Mannequins/Textures/Manny/T_Manny_01_MSR_MSK.ubulk" 652
"C:/Users/pshpj/Documents/Unreal Projects/SteamProject/Content/Characters/Mannequins/Textures/Manny/T_Manny_01_MSR_MSK.uasset" 653
"C:/Users/pshpj/Documents/Unreal Projects/SteamProject/Content/Characters/Mannequins/Textures/Manny/T_Manny_01_MSR_MSK.uexp" 654
"C:/Users/pshpj/Documents/Unreal Projects/SteamProject/Content/Characters/Mannequins/Textures/Manny/T_Manny_01_BN.ubulk" 655
"C:/Users/pshpj/Documents/Unreal Projects/SteamProject/Content/Characters/Mannequins/Textures/Manny/T_Manny_01_BN.uasset" 656
"C:/Users/pshpj/Documents/Unreal Projects/SteamProject/Content/Characters/Mannequins/Textures/Manny/T_Manny_01_BN.uexp" 657
"C:/Users/pshpj/Documents/Unreal Projects/SteamProject/Content/Characters/Mannequins/Textures/Manny/T_Manny_01_D.ubulk" 658
"C:/Users/pshpj/Documents/Unreal Projects/SteamProject/Content/Characters/Mannequins/Textures/Manny/T_Manny_01_D.uasset" 659
"C:/Users/pshpj/Documents/Unreal Projects/SteamProject/Content/Characters/Mannequins/Textures/Manny/T_Manny_01_D.uexp" 660
"C:/Users/pshpj/Documents/Unreal Projects/SteamProject/Content/Characters/Mannequins/Textures/Manny/T_Manny_01_Tan.ubulk" 661
"C:/Users/pshpj/Documents/Unreal Projects/SteamProject/Content/Characters/Mannequins/Textures/Manny/T_Manny_01_Tan.uasset" 662
"C:/Users/pshpj/Documents/Unreal Projects/SteamProject/Content/Characters/Mannequins/Textures/Manny/T_Manny_01_Tan.uexp" 663
"C:/Users/pshpj/Documents/Unreal Projects/SteamProject/Content/Characters/Mannequins/Materials/M_Mannequin.uasset" 664
"C:/Users/pshpj/Documents/Unreal Projects/SteamProject/Content/Characters/Mannequins/Materials/M_Mannequin.uexp" 665
"C:/Users/pshpj/Documents/Unreal Projects/SteamProject/Content/Characters/Mannequins/Textures/Quinn/T_Quinn_01_ASAOMASK_MSK.ubulk" 666
"C:/Users/pshpj/Documents/Unreal Projects/SteamProject/Content/Characters/Mannequins/Textures/Quinn/T_Quinn_01_ASAOMASK_MSK.uasset" 667
"C:/Users/pshpj/Documents/Unreal Projects/SteamProject/Content/Characters/Mannequins/Textures/Quinn/T_Quinn_01_ASAOMASK_MSK.uexp" 668
"C:/Users/pshpj/Documents/Unreal Projects/SteamProject/Content/Characters/Mannequins/Textures/Quinn/T_Quinn_01ID_N.ubulk" 669
"C:/Users/pshpj/Documents/Unreal Projects/SteamProject/Content/Characters/Mannequins/Textures/Quinn/T_Quinn_01ID_N.uasset" 670
"C:/Users/pshpj/Documents/Unreal Projects/SteamProject/Content/Characters/Mannequins/Textures/Quinn/T_Quinn_01ID_N.uexp" 671
"C:/Users/pshpj/Documents/Unreal Projects/SteamProject/Content/Characters/Mannequins/Textures/Quinn/T_Quinn_01ID_BN.ubulk" 672
"C:/Users/pshpj/Documents/Unreal Projects/SteamProject/Content/Characters/Mannequins/Textures/Quinn/T_Quinn_01ID_BN.uasset" 673
"C:/Users/pshpj/Documents/Unreal Projects/SteamProject/Content/Characters/Mannequins/Textures/Quinn/T_Quinn_01ID_BN.uexp" 674
"C:/Users/pshpj/Documents/Unreal Projects/SteamProject/Content/Characters/Mannequins/Textures/Quinn/T_Quinn_01ID_D.ubulk" 675
"C:/Users/pshpj/Documents/Unreal Projects/SteamProject/Content/Characters/Mannequins/Textures/Quinn/T_Quinn_01ID_D.uasset" 676
"C:/Users/pshpj/Documents/Unreal Projects/SteamProject/Content/Characters/Mannequins/Textures/Quinn/T_Quinn_01ID_D.uexp" 677
"C:/Users/pshpj/Documents/Unreal Projects/SteamProject/Content/Characters/Mannequins/Textures/Quinn/T_Quinn_01ID_Tan.ubulk" 678
"C:/Users/pshpj/Documents/Unreal Projects/SteamProject/Content/Characters/Mannequins/Textures/Quinn/T_Quinn_01ID_Tan.uasset" 679
"C:/Users/pshpj/Documents/Unreal Projects/SteamProject/Content/Characters/Mannequins/Textures/Quinn/T_Quinn_01ID_Tan.uexp" 680
"C:/Users/pshpj/Documents/Unreal Projects/SteamProject/Content/Characters/Mannequins/Textures/Quinn/T_Quinn_01_CCRCCPlastic_MSK.ubulk" 681
"C:/Users/pshpj/Documents/Unreal Projects/SteamProject/Content/Characters/Mannequins/Textures/Quinn/T_Quinn_01_CCRCCPlastic_MSK.uasset" 682
"C:/Users/pshpj/Documents/Unreal Projects/SteamProject/Content/Characters/Mannequins/Textures/Quinn/T_Quinn_01_CCRCCPlastic_MSK.uexp" 683
"C:/Users/pshpj/Documents/Unreal Projects/SteamProject/Content/Characters/Mannequins/Materials/Instances/Quinn/MI_Quinn_01.uasset" 684
"C:/Users/pshpj/Documents/Unreal Projects/SteamProject/Content/Characters/Mannequins/Materials/Instances/Quinn/MI_Quinn_01.uexp" 685
"C:/Users/pshpj/Documents/Unreal Projects/SteamProject/Content/Characters/Mannequins/Textures/Quinn/T_Quinn_02ID_N.ubulk" 686
"C:/Users/pshpj/Documents/Unreal Projects/SteamProject/Content/Characters/Mannequins/Textures/Quinn/T_Quinn_02ID_N.uasset" 687
"C:/Users/pshpj/Documents/Unreal Projects/SteamProject/Content/Characters/Mannequins/Textures/Quinn/T_Quinn_02ID_N.uexp" 688
"C:/Users/pshpj/Documents/Unreal Projects/SteamProject/Content/Characters/Mannequins/Materials/Instances/Quinn/MI_Quinn_02.uasset" 689
"C:/Users/pshpj/Documents/Unreal Projects/SteamProject/Content/Characters/Mannequins/Materials/Instances/Quinn/MI_Quinn_02.uexp" 690
"C:/Users/pshpj/Documents/Unreal Projects/SteamProject/Content/Characters/Mannequins/Rigs/PA_Mannequin.uasset" 691
"C:/Users/pshpj/Documents/Unreal Projects/SteamProject/Content/Characters/Mannequins/Rigs/PA_Mannequin.uexp" 692
"C:/Users/pshpj/Documents/Unreal Projects/SteamProject/Content/Characters/Mannequins/Meshes/SKM_Quinn_Simple.uasset" 693
"C:/Users/pshpj/Documents/Unreal Projects/SteamProject/Content/Characters/Mannequins/Meshes/SKM_Quinn_Simple.uexp" 694
"../../../Engine/Content/Animation/DefaultAnimCurveCompressionSettings.uasset" 695
"../../../Engine/Content/Animation/DefaultAnimCurveCompressionSettings.uexp" 696
"../../../Engine/Content/Animation/DefaultAnimBoneCompressionSettings.uasset" 697
"../../../Engine/Content/Animation/DefaultAnimBoneCompressionSettings.uexp" 698
"C:/Users/pshpj/Documents/Unreal Projects/SteamProject/Content/Characters/Mannequins/Animations/Quinn/MF_Run_Fwd.uasset" 699
"C:/Users/pshpj/Documents/Unreal Projects/SteamProject/Content/Characters/Mannequins/Animations/Quinn/MF_Run_Fwd.uexp" 700
"C:/Users/pshpj/Documents/Unreal Projects/SteamProject/Content/Characters/Mannequins/Animations/Quinn/MF_Walk_Fwd.uasset" 701
"C:/Users/pshpj/Documents/Unreal Projects/SteamProject/Content/Characters/Mannequins/Animations/Quinn/MF_Walk_Fwd.uexp" 702
"../../../Engine/Content/Animation/DefaultRecorderBoneCompression.uasset" 703
"../../../Engine/Content/Animation/DefaultRecorderBoneCompression.uexp" 704
"C:/Users/pshpj/Documents/Unreal Projects/SteamProject/Content/Characters/Mannequins/Animations/Manny/MM_Walk_InPlace.uasset" 705
"C:/Users/pshpj/Documents/Unreal Projects/SteamProject/Content/Characters/Mannequins/Animations/Manny/MM_Walk_InPlace.uexp" 706
"C:/Users/pshpj/Documents/Unreal Projects/SteamProject/Content/Characters/Mannequins/Animations/Quinn/BS_MF_Unarmed_WalkRun.uasset" 707
"C:/Users/pshpj/Documents/Unreal Projects/SteamProject/Content/Characters/Mannequins/Animations/Quinn/BS_MF_Unarmed_WalkRun.uexp" 708
"C:/Users/pshpj/Documents/Unreal Projects/SteamProject/Content/Characters/Mannequins/Animations/Quinn/MF_Idle.uasset" 709
"C:/Users/pshpj/Documents/Unreal Projects/SteamProject/Content/Characters/Mannequins/Animations/Quinn/MF_Idle.uexp" 710
"C:/Users/pshpj/Documents/Unreal Projects/SteamProject/Content/Characters/Mannequins/Animations/Manny/MM_Fall_Loop.uasset" 711
"C:/Users/pshpj/Documents/Unreal Projects/SteamProject/Content/Characters/Mannequins/Animations/Manny/MM_Fall_Loop.uexp" 712
"C:/Users/pshpj/Documents/Unreal Projects/SteamProject/Content/Characters/Mannequins/Animations/Manny/MM_Jump.uasset" 713
"C:/Users/pshpj/Documents/Unreal Projects/SteamProject/Content/Characters/Mannequins/Animations/Manny/MM_Jump.uexp" 714
"../../../Engine/Plugins/Animation/ControlRig/Content/Controls/DefaultGizmoLibrary.uasset" 715
"../../../Engine/Plugins/Animation/ControlRig/Content/Controls/DefaultGizmoLibrary.uexp" 716
"C:/Users/pshpj/Documents/Unreal Projects/SteamProject/Content/Characters/Mannequins/Rigs/CR_Mannequin_BasicFootIK.uasset" 717
"C:/Users/pshpj/Documents/Unreal Projects/SteamProject/Content/Characters/Mannequins/Rigs/CR_Mannequin_BasicFootIK.uexp" 718
"C:/Users/pshpj/Documents/Unreal Projects/SteamProject/Content/Characters/Mannequins/Animations/Manny/MM_Run_Fwd.uasset" 719
"C:/Users/pshpj/Documents/Unreal Projects/SteamProject/Content/Characters/Mannequins/Animations/Manny/MM_Run_Fwd.uexp" 720
"C:/Users/pshpj/Documents/Unreal Projects/SteamProject/Content/Characters/Mannequins/Animations/Manny/MM_Walk_Fwd.uasset" 721
"C:/Users/pshpj/Documents/Unreal Projects/SteamProject/Content/Characters/Mannequins/Animations/Manny/MM_Walk_Fwd.uexp" 722
"C:/Users/pshpj/Documents/Unreal Projects/SteamProject/Content/Characters/Mannequins/Animations/Manny/BS_MM_WalkRun.uasset" 723
"C:/Users/pshpj/Documents/Unreal Projects/SteamProject/Content/Characters/Mannequins/Animations/Manny/BS_MM_WalkRun.uexp" 724
"C:/Users/pshpj/Documents/Unreal Projects/SteamProject/Content/Characters/Mannequins/Animations/Manny/MM_Land.uasset" 725
"C:/Users/pshpj/Documents/Unreal Projects/SteamProject/Content/Characters/Mannequins/Animations/Manny/MM_Land.uexp" 726
"C:/Users/pshpj/Documents/Unreal Projects/SteamProject/Content/Characters/Mannequins/Animations/Manny/MM_Idle.uasset" 727
"C:/Users/pshpj/Documents/Unreal Projects/SteamProject/Content/Characters/Mannequins/Animations/Manny/MM_Idle.uexp" 728
"C:/Users/pshpj/Documents/Unreal Projects/SteamProject/Content/Characters/Mannequins/Animations/ABP_Manny.uasset" 729
"C:/Users/pshpj/Documents/Unreal Projects/SteamProject/Content/Characters/Mannequins/Animations/ABP_Manny.uexp" 730
"C:/Users/pshpj/Documents/Unreal Projects/SteamProject/Content/Characters/Mannequins/Animations/ABP_Quinn.uasset" 731
"C:/Users/pshpj/Documents/Unreal Projects/SteamProject/Content/Characters/Mannequins/Animations/ABP_Quinn.uexp" 732
"C:/Users/pshpj/Documents/Unreal Projects/SteamProject/Content/Blueprints/Charactors/0_Base.uasset" 733
"C:/Users/pshpj/Documents/Unreal Projects/SteamProject/Content/Blueprints/Charactors/0_Base.uexp" 734
"C:/Users/pshpj/Documents/Unreal Projects/SteamProject/Content/ThirdPerson/Blueprints/BP_ThirdPersonGameMode.uasset" 735
"C:/Users/pshpj/Documents/Unreal Projects/SteamProject/Content/ThirdPerson/Blueprints/BP_ThirdPersonGameMode.uexp" 736
"C:/Users/pshpj/Documents/Unreal Projects/SteamProject/Content/Maps/TravelMap.uexp" 737
"C:/Users/pshpj/Documents/Unreal Projects/SteamProject/Content/Maps/TravelMap.umap" 738
"../../../Engine/Content/EngineMaterials/BlendFunc_DefBlend.uasset" 739
"../../../Engine/Content/EngineMaterials/BlendFunc_DefBlend.uexp" 740
"../../../Engine/Content/EngineMaterials/BlendFunc_DefBase.uasset" 741
"../../../Engine/Content/EngineMaterials/BlendFunc_DefBase.uexp" 742
"../../../Engine/Content/Functions/Engine_MaterialFunctions03/Blends/Blend_Overlay.uasset" 743
"../../../Engine/Content/Functions/Engine_MaterialFunctions03/Blends/Blend_Overlay.uexp" 744
"../../../Engine/Content/OpenWorldTemplate/LandscapeMaterial/T_GridChecker_A.ubulk" 745
"../../../Engine/Content/OpenWorldTemplate/LandscapeMaterial/T_GridChecker_A.uasset" 746
"../../../Engine/Content/OpenWorldTemplate/LandscapeMaterial/T_GridChecker_A.uexp" 747
"../../../Engine/Content/OpenWorldTemplate/LandscapeMaterial/MF_ProcGrid.uasset" 748
"../../../Engine/Content/OpenWorldTemplate/LandscapeMaterial/MF_ProcGrid.uexp" 749
"../../../Engine/Content/OpenWorldTemplate/LandscapeMaterial/M_ProcGrid.uasset" 750
"../../../Engine/Content/OpenWorldTemplate/LandscapeMaterial/M_ProcGrid.uexp" 751
"../../../Engine/Content/OpenWorldTemplate/LandscapeMaterial/MI_ProcGrid.uasset" 752
"../../../Engine/Content/OpenWorldTemplate/LandscapeMaterial/MI_ProcGrid.uexp" 753
"../../../Engine/Content/EngineSky/T_Sky_Stars.ubulk" 754
"../../../Engine/Content/EngineSky/T_Sky_Stars.uasset" 755
"../../../Engine/Content/EngineSky/T_Sky_Stars.uexp" 756
"../../../Engine/Content/EngineSky/T_Sky_Clouds_M.ubulk" 757
"../../../Engine/Content/EngineSky/T_Sky_Clouds_M.uasset" 758
"../../../Engine/Content/EngineSky/T_Sky_Clouds_M.uexp" 759
"../../../Engine/Content/EngineSky/T_Sky_Blue.ubulk" 760
"../../../Engine/Content/EngineSky/T_Sky_Blue.uasset" 761
"../../../Engine/Content/EngineSky/T_Sky_Blue.uexp" 762
"../../../Engine/Content/EngineSky/M_Sky_Panning_Clouds2.uasset" 763
"../../../Engine/Content/EngineSky/M_Sky_Panning_Clouds2.uexp" 764
"../../../Engine/Content/EngineSky/SM_SkySphere.ubulk" 765
"../../../Engine/Content/EngineSky/SM_SkySphere.uasset" 766
"../../../Engine/Content/EngineSky/SM_SkySphere.uexp" 767
"../../../Engine/Content/MapTemplates/SM_Template_Map_Floor.ubulk" 768
"../../../Engine/Content/MapTemplates/SM_Template_Map_Floor.uasset" 769
"../../../Engine/Content/MapTemplates/SM_Template_Map_Floor.uexp" 770
"C:/Users/pshpj/Documents/Unreal Projects/SteamProject/Content/Maps/Lobby_BuiltData.ubulk" 771
"C:/Users/pshpj/Documents/Unreal Projects/SteamProject/Content/Maps/Lobby_BuiltData.uasset" 772
"C:/Users/pshpj/Documents/Unreal Projects/SteamProject/Content/Maps/Lobby_BuiltData.uexp" 773
"../../../Engine/Content/EngineSky/M_SimpleSkyDome.uasset" 774
"../../../Engine/Content/EngineSky/M_SimpleSkyDome.uexp" 775
"C:/Users/pshpj/Documents/Unreal Projects/SteamProject/Content/Blueprints/Lobby/LobbyPC.uasset" 776
"C:/Users/pshpj/Documents/Unreal Projects/SteamProject/Content/Blueprints/Lobby/LobbyPC.uexp" 777
"C:/Users/pshpj/Documents/Unreal Projects/SteamProject/Content/Blueprints/Lobby/LobbyGM.uasset" 778
"C:/Users/pshpj/Documents/Unreal Projects/SteamProject/Content/Blueprints/Lobby/LobbyGM.uexp" 779
"C:/Users/pshpj/Documents/Unreal Projects/SteamProject/Content/Maps/Lobby.uexp" 780
"C:/Users/pshpj/Documents/Unreal Projects/SteamProject/Content/Maps/Lobby.umap" 781
"C:/Users/pshpj/Documents/Unreal Projects/SteamProject/Content/Blueprints/Gameplay/GameplayPC.uasset" 782
"C:/Users/pshpj/Documents/Unreal Projects/SteamProject/Content/Blueprints/Gameplay/GameplayPC.uexp" 783
"C:/Users/pshpj/Documents/Unreal Projects/SteamProject/Content/Blueprints/Gameplay/GameplayGM.uasset" 784
"C:/Users/pshpj/Documents/Unreal Projects/SteamProject/Content/Blueprints/Gameplay/GameplayGM.uexp" 785
"../../../Engine/Content/Maps/Templates/HLODs/HLODLayer_Instanced.uasset" 786
"../../../Engine/Content/Maps/Templates/HLODs/HLODLayer_Instanced.uexp" 787
"C:/Users/pshpj/Documents/Unreal Projects/SteamProject/Content/Maps/Arena02.uexp" 788
"C:/Users/pshpj/Documents/Unreal Projects/SteamProject/Content/Maps/Arena02.umap" 789
"C:/Users/pshpj/Documents/Unreal Projects/SteamProject/Content/Maps/Arena01.uexp" 790
"C:/Users/pshpj/Documents/Unreal Projects/SteamProject/Content/Maps/Arena01.umap" 791
"../../../Engine/Content/Tutorial/Landscape/TutorialAssets/Landscape.uasset" 792
"../../../Engine/Content/Tutorial/Landscape/TutorialAssets/Landscape.uexp" 793
"../../../Engine/Content/EngineResources/AICON-Green.uasset" 794
"../../../Engine/Content/EngineResources/AICON-Green.uexp" 795
"../../../Engine/Content/EngineFonts/Faces/RobotoTiny.uexp" 796
"../../../Engine/Content/EngineFonts/Faces/RobotoTiny.uasset" 797
"../../../Engine/Content/EngineFonts/Faces/RobotoTiny.ufont" 798
"../../../Engine/Content/EngineFonts/RobotoTiny.uasset" 799
"../../../Engine/Content/EngineFonts/RobotoTiny.uexp" 800
"../../../Engine/Content/VREditor/Devices/Vive/UE4_Logo.ubulk" 801
"../../../Engine/Content/VREditor/Devices/Vive/UE4_Logo.uasset" 802
"../../../Engine/Content/VREditor/Devices/Vive/UE4_Logo.uexp" 803
"C:/Users/pshpj/Documents/Unreal Projects/SteamProject/Content/Blueprints/AllLevels/PlayerInfo.uasset" 804
"C:/Users/pshpj/Documents/Unreal Projects/SteamProject/Content/Blueprints/AllLevels/PlayerInfo.uexp" 805
"C:/Users/pshpj/Documents/Unreal Projects/SteamProject/Content/Blueprints/AllLevels/PlayerSaveGame.uasset" 806
"C:/Users/pshpj/Documents/Unreal Projects/SteamProject/Content/Blueprints/AllLevels/PlayerSaveGame.uexp" 807
"C:/Users/pshpj/Documents/Unreal Projects/SteamProject/Content/Characters/Mannequin_UE4/Textures/T_UELogo_Mask.ubulk" 808
"C:/Users/pshpj/Documents/Unreal Projects/SteamProject/Content/Characters/Mannequin_UE4/Textures/T_UELogo_Mask.uasset" 809
"C:/Users/pshpj/Documents/Unreal Projects/SteamProject/Content/Characters/Mannequin_UE4/Textures/T_UELogo_Mask.uexp" 810
"../../../Engine/Content/EditorResources/Bad.ubulk" 811
"../../../Engine/Content/EditorResources/Bad.uasset" 812
"../../../Engine/Content/EditorResources/Bad.uexp" 813
"../../../Engine/Content/EngineResources/AICON-Green_Low.uasset" 814
"../../../Engine/Content/EngineResources/AICON-Green_Low.uexp" 815
"../../../Engine/Content/EngineFonts/Faces/DroidSansMono.uexp" 816
"../../../Engine/Content/EngineFonts/Faces/DroidSansMono.uasset" 817
"../../../Engine/Content/EngineFonts/Faces/DroidSansMono.ufont" 818
"../../../Engine/Content/EngineFonts/DroidSansMono.uasset" 819
"../../../Engine/Content/EngineFonts/DroidSansMono.uexp" 820
"../../../Engine/Content/MobileResources/HUD/AnalogHat.uasset" 821
"../../../Engine/Content/MobileResources/HUD/AnalogHat.uexp" 822
"../../../Engine/Content/EditorResources/Ai_Spawnpoint.ubulk" 823
"../../../Engine/Content/EditorResources/Ai_Spawnpoint.uasset" 824
"../../../Engine/Content/EditorResources/Ai_Spawnpoint.uexp" 825
"../../../Engine/Content/EngineResources/AICON-Red.uasset" 826
"../../../Engine/Content/EngineResources/AICON-Red.uexp" 827
"../../../Engine/Content/EditorBlueprintResources/StandardMacros.uasset" 828
"../../../Engine/Content/EditorBlueprintResources/StandardMacros.uexp" 829
"C:/Users/pshpj/Documents/Unreal Projects/SteamProject/Content/UI/MainMenu/OptionsMenu.uasset" 830
"C:/Users/pshpj/Documents/Unreal Projects/SteamProject/Content/UI/MainMenu/OptionsMenu.uexp" 831
"C:/Users/pshpj/Documents/Unreal Projects/SteamProject/Content/UI/AllLevels/LoadingScreen.uasset" 832
"C:/Users/pshpj/Documents/Unreal Projects/SteamProject/Content/UI/AllLevels/LoadingScreen.uexp" 833
"C:/Users/pshpj/Documents/Unreal Projects/SteamProject/Content/UI/MainMenu/ServerMenu.uasset" 834
"C:/Users/pshpj/Documents/Unreal Projects/SteamProject/Content/UI/MainMenu/ServerMenu.uexp" 835
"C:/Users/pshpj/Documents/Unreal Projects/SteamProject/Content/UI/MainMenu/MainMenu.uasset" 836
"C:/Users/pshpj/Documents/Unreal Projects/SteamProject/Content/UI/MainMenu/MainMenu.uexp" 837
"C:/Users/pshpj/Documents/Unreal Projects/SteamProject/Content/UI/MainMenu/HostMenu.uasset" 838
"C:/Users/pshpj/Documents/Unreal Projects/SteamProject/Content/UI/MainMenu/HostMenu.uexp" 839
"C:/Users/pshpj/Documents/Unreal Projects/SteamProject/Content/Blueprints/AllLevels/GameInfoInstance.uasset" 840
"C:/Users/pshpj/Documents/Unreal Projects/SteamProject/Content/Blueprints/AllLevels/GameInfoInstance.uexp" 841
"C:/Users/pshpj/Documents/Unreal Projects/SteamProject/Content/Maps/MainMenu.uexp" 842
"C:/Users/pshpj/Documents/Unreal Projects/SteamProject/Content/Maps/MainMenu.umap" 843
